--- Job H2forEU_SupplyChain_main.gms Start 01/02/10 15:36:35 25.1.3 r4e34d435fbd WEX-WEI x86 64bit/MS Windows
GAMS 25.1.3   Copyright (C) 1987-2018 GAMS Development. All rights reserved
Licensee: CS 635 Spring 2014                             G140121/0001AO-GEN
          Prof. Michael Ferris, University of Wisconsin-Madison      DC2937
          License for teaching and research at degree granting institutions
--- Starting compilation
--- H2forEU_SupplyChain_main.gms(28) 2 Mb
--- . H2forEU_SupplyChain_setup.gms(1) 2 Mb
--- GDXin=C:\Users\Johannes\Documents\PhD\06Research\Paper2\Tools\SupplyChain_Optimization\GAMS\gdx/ITERATION.gdx
--- . H2forEU_SupplyChain_setup.gms(8) 3 Mb
--- GDXin=C:\Users\Johannes\Documents\PhD\06Research\Paper2\Tools\SupplyChain_Optimization\GAMS\gdx/YEAR.gdx
--- . H2forEU_SupplyChain_setup.gms(13) 3 Mb
--- GDXin=C:\Users\Johannes\Documents\PhD\06Research\Paper2\Tools\SupplyChain_Optimization\GAMS\gdx/COUNTRY.gdx
--- . H2forEU_SupplyChain_setup.gms(18) 3 Mb
--- GDXin=C:\Users\Johannes\Documents\PhD\06Research\Paper2\Tools\SupplyChain_Optimization\GAMS\gdx/COUNTRY_EXPORT.gdx
--- . H2forEU_SupplyChain_setup.gms(23) 3 Mb
--- GDXin=C:\Users\Johannes\Documents\PhD\06Research\Paper2\Tools\SupplyChain_Optimization\GAMS\gdx/COUNTRY_IMPORT.gdx
--- . H2forEU_SupplyChain_setup.gms(28) 3 Mb
--- GDXin=C:\Users\Johannes\Documents\PhD\06Research\Paper2\Tools\SupplyChain_Optimization\GAMS\gdx/COUNTRY_DEMAND.gdx
--- . H2forEU_SupplyChain_setup.gms(33) 3 Mb
--- GDXin=C:\Users\Johannes\Documents\PhD\06Research\Paper2\Tools\SupplyChain_Optimization\GAMS\gdx/NODE_PRODUCTION.gdx
--- . H2forEU_SupplyChain_setup.gms(38) 3 Mb
--- GDXin=C:\Users\Johannes\Documents\PhD\06Research\Paper2\Tools\SupplyChain_Optimization\GAMS\gdx/NODE_EXPORT.gdx
--- . H2forEU_SupplyChain_setup.gms(43) 3 Mb
--- GDXin=C:\Users\Johannes\Documents\PhD\06Research\Paper2\Tools\SupplyChain_Optimization\GAMS\gdx/ZONE_EXPORT.gdx
--- . H2forEU_SupplyChain_setup.gms(48) 3 Mb
--- GDXin=C:\Users\Johannes\Documents\PhD\06Research\Paper2\Tools\SupplyChain_Optimization\GAMS\gdx/ZONE_IMPORT.gdx
--- . H2forEU_SupplyChain_setup.gms(53) 3 Mb
--- GDXin=C:\Users\Johannes\Documents\PhD\06Research\Paper2\Tools\SupplyChain_Optimization\GAMS\gdx/NODE_IMPORT.gdx
--- . H2forEU_SupplyChain_setup.gms(58) 3 Mb
--- GDXin=C:\Users\Johannes\Documents\PhD\06Research\Paper2\Tools\SupplyChain_Optimization\GAMS\gdx/ZONE_DEMAND.gdx
--- . H2forEU_SupplyChain_setup.gms(63) 3 Mb
--- GDXin=C:\Users\Johannes\Documents\PhD\06Research\Paper2\Tools\SupplyChain_Optimization\GAMS\gdx/TRANSPORT.gdx
--- . H2forEU_SupplyChain_setup.gms(68) 3 Mb
--- GDXin=C:\Users\Johannes\Documents\PhD\06Research\Paper2\Tools\SupplyChain_Optimization\GAMS\gdx/TRANSPORT_NATIONAL.gdx
--- . H2forEU_SupplyChain_setup.gms(73) 3 Mb
--- GDXin=C:\Users\Johannes\Documents\PhD\06Research\Paper2\Tools\SupplyChain_Optimization\GAMS\gdx/TRANSPORT_INTERNATIONAL.gdx
--- . H2forEU_SupplyChain_setup.gms(78) 3 Mb
--- GDXin=C:\Users\Johannes\Documents\PhD\06Research\Paper2\Tools\SupplyChain_Optimization\GAMS\gdx/TRANSPORT_EU.gdx
--- . H2forEU_SupplyChain_setup.gms(83) 3 Mb
--- GDXin=C:\Users\Johannes\Documents\PhD\06Research\Paper2\Tools\SupplyChain_Optimization\GAMS\gdx/SOURCE.gdx
--- . H2forEU_SupplyChain_setup.gms(88) 3 Mb
--- GDXin=C:\Users\Johannes\Documents\PhD\06Research\Paper2\Tools\SupplyChain_Optimization\GAMS\gdx/SOURCE_VRES.gdx
--- . H2forEU_SupplyChain_setup.gms(93) 3 Mb
--- GDXin=C:\Users\Johannes\Documents\PhD\06Research\Paper2\Tools\SupplyChain_Optimization\GAMS\gdx/SOURCE_NON_VRES.gdx
--- . H2forEU_SupplyChain_setup.gms(98) 3 Mb
--- GDXin=C:\Users\Johannes\Documents\PhD\06Research\Paper2\Tools\SupplyChain_Optimization\GAMS\gdx/TECHNOLOGY.gdx
--- . H2forEU_SupplyChain_setup.gms(103) 3 Mb
--- GDXin=C:\Users\Johannes\Documents\PhD\06Research\Paper2\Tools\SupplyChain_Optimization\GAMS\gdx/ENERGY_TYPE.gdx
--- . H2forEU_SupplyChain_setup.gms(108) 3 Mb
--- GDXin=C:\Users\Johannes\Documents\PhD\06Research\Paper2\Tools\SupplyChain_Optimization\GAMS\gdx/H2_SYSTEM.gdx
--- . H2forEU_SupplyChain_setup.gms(115) 5 Mb
--- GDXin=C:\Users\Johannes\Documents\PhD\06Research\Paper2\Tools\SupplyChain_Optimization\GAMS\gdx/LINK_ITERATION_YEAR.gdx
--- . H2forEU_SupplyChain_setup.gms(120) 5 Mb
--- GDXin=C:\Users\Johannes\Documents\PhD\06Research\Paper2\Tools\SupplyChain_Optimization\GAMS\gdx/LINK_NODE_PRODUCTION_NODE_EXPORT.gdx
--- . H2forEU_SupplyChain_setup.gms(125) 6 Mb
--- GDXin=C:\Users\Johannes\Documents\PhD\06Research\Paper2\Tools\SupplyChain_Optimization\GAMS\gdx/LINK_NODE_EXPORT_ZONE_EXPORT.gdx
--- . H2forEU_SupplyChain_setup.gms(130) 6 Mb
--- GDXin=C:\Users\Johannes\Documents\PhD\06Research\Paper2\Tools\SupplyChain_Optimization\GAMS\gdx/LINK_ZONE_EXPORT_ZONE_IMPORT.gdx
--- . H2forEU_SupplyChain_setup.gms(135) 6 Mb
--- GDXin=C:\Users\Johannes\Documents\PhD\06Research\Paper2\Tools\SupplyChain_Optimization\GAMS\gdx/LINK_ZONE_IMPORT_ZONE_DEMAND.gdx
--- . H2forEU_SupplyChain_setup.gms(140) 6 Mb
--- GDXin=C:\Users\Johannes\Documents\PhD\06Research\Paper2\Tools\SupplyChain_Optimization\GAMS\gdx/LINK_SOURCE_ENERGY_TYPE.gdx
--- . H2forEU_SupplyChain_setup.gms(141) 6 Mb
--- . H2forEU_SupplyChain_setup.gms(145) 6 Mb

--- GDXin=C:\Users\Johannes\Documents\PhD\06Research\Paper2\Tools\SupplyChain_Optimization\GAMS\gdx/LINK_SOURCE_TECHNOLOGY.gdx
--- . H2forEU_SupplyChain_setup.gms(150) 6 Mb
--- GDXin=C:\Users\Johannes\Documents\PhD\06Research\Paper2\Tools\SupplyChain_Optimization\GAMS\gdx/LINK_H2_SYSTEM_ENERGY_TYPE.gdx
--- . H2forEU_SupplyChain_setup.gms(155) 7 Mb
--- GDXin=C:\Users\Johannes\Documents\PhD\06Research\Paper2\Tools\SupplyChain_Optimization\GAMS\gdx/LINK_H2_SYSTEM_SOURCE.gdx
--- . H2forEU_SupplyChain_setup.gms(157) 7 Mb
--- . H2forEU_SupplyChain_setup.gms(160) 8 Mb

--- GDXin=C:\Users\Johannes\Documents\PhD\06Research\Paper2\Tools\SupplyChain_Optimization\GAMS\gdx/LINK_H2_SYSTEM_TECHNOLOGY.gdx
--- . H2forEU_SupplyChain_setup.gms(165) 9 Mb
--- GDXin=C:\Users\Johannes\Documents\PhD\06Research\Paper2\Tools\SupplyChain_Optimization\GAMS\gdx/LINK_H2_SYSTEM_COUNTRY.gdx
--- . H2forEU_SupplyChain_setup.gms(170) 10 Mb
--- GDXin=C:\Users\Johannes\Documents\PhD\06Research\Paper2\Tools\SupplyChain_Optimization\GAMS\gdx/LINK_H2_SYSTEM_NODE_PRODUCTION.gdx
--- . H2forEU_SupplyChain_setup.gms(211) 10 Mb
--- H2forEU_SupplyChain_main.gms(29) 10 Mb
--- . H2forEU_SupplyChain_data.gms(6) 10 Mb
--- GDXin=C:\Users\Johannes\Documents\PhD\06Research\Paper2\Tools\SupplyChain_Optimization\GAMS\gdx/p_production_limit_country.gdx
--- . H2forEU_SupplyChain_data.gms(19) 10 Mb
--- GDXin=C:\Users\Johannes\Documents\PhD\06Research\Paper2\Tools\SupplyChain_Optimization\GAMS\gdx/p_production_limit_feedstock_node.gdx
--- . H2forEU_SupplyChain_data.gms(26) 10 Mb
--- GDXin=C:\Users\Johannes\Documents\PhD\06Research\Paper2\Tools\SupplyChain_Optimization\GAMS\gdx/p_production_feedstock.gdx
--- . H2forEU_SupplyChain_data.gms(33) 10 Mb
--- GDXin=C:\Users\Johannes\Documents\PhD\06Research\Paper2\Tools\SupplyChain_Optimization\GAMS\gdx/p_production_limit_capacity_node.gdx
--- . H2forEU_SupplyChain_data.gms(36) 10 Mb
--- . H2forEU_SupplyChain_data.gms(40) 10 Mb

--- GDXin=C:\Users\Johannes\Documents\PhD\06Research\Paper2\Tools\SupplyChain_Optimization\GAMS\gdx/p_production_area_available_node.gdx
--- . H2forEU_SupplyChain_data.gms(47) 10 Mb
--- GDXin=C:\Users\Johannes\Documents\PhD\06Research\Paper2\Tools\SupplyChain_Optimization\GAMS\gdx/p_production_energy_density.gdx
--- . H2forEU_SupplyChain_data.gms(54) 10 Mb
--- GDXin=C:\Users\Johannes\Documents\PhD\06Research\Paper2\Tools\SupplyChain_Optimization\GAMS\gdx/p_production_land_dedication.gdx
--- . H2forEU_SupplyChain_data.gms(62) 10 Mb
--- GDXin=C:\Users\Johannes\Documents\PhD\06Research\Paper2\Tools\SupplyChain_Optimization\GAMS\gdx/p_demand_zone.gdx
--- . H2forEU_SupplyChain_data.gms(64) 10 Mb
--- . H2forEU_SupplyChain_data.gms(69) 10 Mb

--- GDXin=C:\Users\Johannes\Documents\PhD\06Research\Paper2\Tools\SupplyChain_Optimization\GAMS\gdx/p_production_volume.gdx
--- . H2forEU_SupplyChain_data.gms(75) 10 Mb
--- GDXin=C:\Users\Johannes\Documents\PhD\06Research\Paper2\Tools\SupplyChain_Optimization\GAMS\gdx/p_production_capacity.gdx
--- . H2forEU_SupplyChain_data.gms(82) 12 Mb
--- GDXin=C:\Users\Johannes\Documents\PhD\06Research\Paper2\Tools\SupplyChain_Optimization\GAMS\gdx/p_production_cost.gdx
--- . H2forEU_SupplyChain_data.gms(88) 12 Mb
--- GDXin=C:\Users\Johannes\Documents\PhD\06Research\Paper2\Tools\SupplyChain_Optimization\GAMS\gdx/p_transport_national_cost_fixed.gdx
--- . H2forEU_SupplyChain_data.gms(94) 12 Mb
--- GDXin=C:\Users\Johannes\Documents\PhD\06Research\Paper2\Tools\SupplyChain_Optimization\GAMS\gdx/p_transport_national_cost_variable.gdx
--- . H2forEU_SupplyChain_data.gms(100) 12 Mb
--- GDXin=C:\Users\Johannes\Documents\PhD\06Research\Paper2\Tools\SupplyChain_Optimization\GAMS\gdx/p_transport_national_distance.gdx
--- . H2forEU_SupplyChain_data.gms(106) 13 Mb
--- GDXin=C:\Users\Johannes\Documents\PhD\06Research\Paper2\Tools\SupplyChain_Optimization\GAMS\gdx/p_transport_international_cost_fixed.gdx
--- . H2forEU_SupplyChain_data.gms(112) 13 Mb
--- GDXin=C:\Users\Johannes\Documents\PhD\06Research\Paper2\Tools\SupplyChain_Optimization\GAMS\gdx/p_transport_international_cost_variable.gdx
--- . H2forEU_SupplyChain_data.gms(118) 13 Mb
--- GDXin=C:\Users\Johannes\Documents\PhD\06Research\Paper2\Tools\SupplyChain_Optimization\GAMS\gdx/p_transport_international_import_capacity.gdx
--- . H2forEU_SupplyChain_data.gms(124) 13 Mb
--- GDXin=C:\Users\Johannes\Documents\PhD\06Research\Paper2\Tools\SupplyChain_Optimization\GAMS\gdx/p_transport_international_distance.gdx
--- . H2forEU_SupplyChain_data.gms(127) 13 Mb
--- . H2forEU_SupplyChain_data.gms(130) 13 Mb

--- GDXin=C:\Users\Johannes\Documents\PhD\06Research\Paper2\Tools\SupplyChain_Optimization\GAMS\gdx/p_transport_eu_cost_fixed.gdx
--- . H2forEU_SupplyChain_data.gms(136) 13 Mb
--- GDXin=C:\Users\Johannes\Documents\PhD\06Research\Paper2\Tools\SupplyChain_Optimization\GAMS\gdx/p_transport_eu_cost_variable.gdx
--- . H2forEU_SupplyChain_data.gms(142) 13 Mb
--- GDXin=C:\Users\Johannes\Documents\PhD\06Research\Paper2\Tools\SupplyChain_Optimization\GAMS\gdx/p_transport_eu_distance.gdx
--- . H2forEU_SupplyChain_data.gms(144) 13 Mb
--- . H2forEU_SupplyChain_data.gms(148) 13 Mb

--- GDXin=C:\Users\Johannes\Documents\PhD\06Research\Paper2\Tools\SupplyChain_Optimization\GAMS\gdx/p_transport_conversion_cost.gdx
--- . H2forEU_SupplyChain_data.gms(154) 13 Mb
--- GDXin=C:\Users\Johannes\Documents\PhD\06Research\Paper2\Tools\SupplyChain_Optimization\GAMS\gdx/p_transport_reconversion_cost.gdx
--- . H2forEU_SupplyChain_data.gms(157) 13 Mb
--- H2forEU_SupplyChain_main.gms(30) 13 Mb
--- . H2forEU_SupplyChain_model.gms(362) 13 Mb
--- H2forEU_SupplyChain_main.gms(74) 13 Mb
--- . H2forEU_SupplyChain_output.gms(33) 13 Mb
--- H2forEU_SupplyChain_main.gms(75) 13 Mb
--- Starting execution: elapsed 0:00:00.821
--- H2forEU_SupplyChain_main.gms(763) 14 Mb
--- Generating LP model H2forEU_SupplyChain
--- H2forEU_SupplyChain_main.gms(519) 15 Mb
--- H2forEU_SupplyChain_main.gms(519) 15 Mb
--- H2forEU_SupplyChain_main.gms(535) 18 Mb
--- H2forEU_SupplyChain_main.gms(561) 20 Mb
--- H2forEU_SupplyChain_main.gms(561) 20 Mb  3 secs
--- H2forEU_SupplyChain_main.gms(561) 20 Mb  4 secs
--- H2forEU_SupplyChain_main.gms(561) 20 Mb  5 secs
--- H2forEU_SupplyChain_main.gms(561) 20 Mb  6 secs
--- H2forEU_SupplyChain_main.gms(561) 20 Mb  7 secs
--- H2forEU_SupplyChain_main.gms(561) 20 Mb  8 secs
--- H2forEU_SupplyChain_main.gms(561) 20 Mb  9 secs
--- H2forEU_SupplyChain_main.gms(561) 20 Mb  10 secs
--- H2forEU_SupplyChain_main.gms(561) 20 Mb  11 secs
--- H2forEU_SupplyChain_main.gms(561) 20 Mb  12 secs
--- H2forEU_SupplyChain_main.gms(561) 20 Mb  13 secs
--- H2forEU_SupplyChain_main.gms(561) 20 Mb  14 secs
--- H2forEU_SupplyChain_main.gms(561) 20 Mb  15 secs
--- H2forEU_SupplyChain_main.gms(561) 20 Mb  16 secs
--- H2forEU_SupplyChain_main.gms(561) 20 Mb  17 secs
--- H2forEU_SupplyChain_main.gms(561) 20 Mb  18 secs
--- H2forEU_SupplyChain_main.gms(561) 20 Mb  19 secs
--- H2forEU_SupplyChain_main.gms(561) 20 Mb  20 secs
--- H2forEU_SupplyChain_main.gms(561) 20 Mb  21 secs
--- H2forEU_SupplyChain_main.gms(561) 20 Mb  22 secs
--- H2forEU_SupplyChain_main.gms(561) 20 Mb  23 secs
--- H2forEU_SupplyChain_main.gms(561) 20 Mb  24 secs
--- H2forEU_SupplyChain_main.gms(561) 20 Mb  25 secs
--- H2forEU_SupplyChain_main.gms(561) 20 Mb  26 secs
--- H2forEU_SupplyChain_main.gms(561) 20 Mb  27 secs
--- H2forEU_SupplyChain_main.gms(561) 20 Mb  28 secs
--- H2forEU_SupplyChain_main.gms(561) 20 Mb  29 secs
--- H2forEU_SupplyChain_main.gms(561) 20 Mb  30 secs
--- H2forEU_SupplyChain_main.gms(561) 20 Mb  35 secs
--- H2forEU_SupplyChain_main.gms(561) 20 Mb  40 secs
--- H2forEU_SupplyChain_main.gms(561) 20 Mb  45 secs
--- H2forEU_SupplyChain_main.gms(561) 20 Mb  50 secs
--- H2forEU_SupplyChain_main.gms(561) 20 Mb  55 secs
--- H2forEU_SupplyChain_main.gms(561) 20 Mb  60 secs
--- H2forEU_SupplyChain_main.gms(561) 20 Mb  65 secs
--- H2forEU_SupplyChain_main.gms(561) 20 Mb  70 secs
--- H2forEU_SupplyChain_main.gms(561) 20 Mb  75 secs
--- H2forEU_SupplyChain_main.gms(561) 20 Mb  80 secs
--- H2forEU_SupplyChain_main.gms(561) 20 Mb  85 secs
--- H2forEU_SupplyChain_main.gms(561) 20 Mb  90 secs
--- H2forEU_SupplyChain_main.gms(561) 20 Mb  95 secs
--- H2forEU_SupplyChain_main.gms(561) 20 Mb  100 secs
--- H2forEU_SupplyChain_main.gms(561) 20 Mb  105 secs
--- H2forEU_SupplyChain_main.gms(561) 20 Mb  110 secs
--- H2forEU_SupplyChain_main.gms(561) 20 Mb  115 secs
--- H2forEU_SupplyChain_main.gms(561) 20 Mb  120 secs
--- H2forEU_SupplyChain_main.gms(561) 20 Mb  125 secs
--- H2forEU_SupplyChain_main.gms(561) 20 Mb  130 secs
--- H2forEU_SupplyChain_main.gms(561) 20 Mb  135 secs
--- H2forEU_SupplyChain_main.gms(561) 20 Mb  140 secs
--- H2forEU_SupplyChain_main.gms(561) 20 Mb  145 secs
--- H2forEU_SupplyChain_main.gms(561) 20 Mb  150 secs
--- H2forEU_SupplyChain_main.gms(561) 20 Mb  155 secs
--- H2forEU_SupplyChain_main.gms(561) 20 Mb  160 secs
--- H2forEU_SupplyChain_main.gms(561) 20 Mb  160 secs
--- H2forEU_SupplyChain_main.gms(561) 20 Mb  165 secs
--- H2forEU_SupplyChain_main.gms(561) 20 Mb  170 secs
--- H2forEU_SupplyChain_main.gms(561) 20 Mb  175 secs
--- H2forEU_SupplyChain_main.gms(561) 20 Mb  180 secs
--- H2forEU_SupplyChain_main.gms(561) 20 Mb  185 secs
--- H2forEU_SupplyChain_main.gms(561) 20 Mb  190 secs
--- H2forEU_SupplyChain_main.gms(561) 20 Mb  195 secs
--- H2forEU_SupplyChain_main.gms(561) 20 Mb  200 secs
--- H2forEU_SupplyChain_main.gms(561) 20 Mb  205 secs
--- H2forEU_SupplyChain_main.gms(561) 20 Mb  210 secs
--- H2forEU_SupplyChain_main.gms(561) 20 Mb  215 secs
--- H2forEU_SupplyChain_main.gms(561) 20 Mb  220 secs
--- H2forEU_SupplyChain_main.gms(561) 20 Mb  225 secs
--- H2forEU_SupplyChain_main.gms(583) 20 Mb
--- H2forEU_SupplyChain_main.gms(646) 49 Mb
--- H2forEU_SupplyChain_main.gms(646) 61 Mb
--- H2forEU_SupplyChain_main.gms(653) 85 Mb
--- H2forEU_SupplyChain_main.gms(653) 88 Mb
--- H2forEU_SupplyChain_main.gms(653) 88 Mb
--- H2forEU_SupplyChain_main.gms(653) 90 Mb
--- H2forEU_SupplyChain_main.gms(653) 92 Mb
--- H2forEU_SupplyChain_main.gms(653) 97 Mb
--- H2forEU_SupplyChain_main.gms(653) 98 Mb
--- H2forEU_SupplyChain_main.gms(653) 104 Mb
--- H2forEU_SupplyChain_main.gms(653) 105 Mb
--- H2forEU_SupplyChain_main.gms(653) 112 Mb
--- H2forEU_SupplyChain_main.gms(653) 114 Mb
--- H2forEU_SupplyChain_main.gms(678) 119 Mb
--- H2forEU_SupplyChain_main.gms(690) 119 Mb
--- H2forEU_SupplyChain_main.gms(771) 119 Mb
--- H2forEU_SupplyChain_main.gms(771) 119 Mb

--- LOOPS ITERATION = 1
---   6,646 rows  523,223 columns  1,089,265 non-zeroes
--- Executing CPLEX: elapsed 0:03:51.055

IBM ILOG CPLEX   28.2.0 r750fa45 Released Aug 19, 2019 WEI x86 64bit/MS Window
--- GAMS/Cplex licensed for continuous and discrete problems.
Cplex 12.9.0.0

Reading data...
Starting Cplex...
Space for names approximately 31.11 Mb
Use option 'names no' to turn use of names off
CPXPARAM_Advance                                 0
CPXPARAM_Threads                                 1
CPXPARAM_Parallel                                1
CPXPARAM_Simplex_Limits_Iterations               2000000000
CPXPARAM_TimeLimit                               1000
CPXPARAM_Tune_TimeLimit                          200
Tried aggregator 1 time.
LP Presolve eliminated 4703 rows and 516466 columns.
Aggregator did 737 substitutions.
Reduced LP has 1206 rows, 6020 columns, and 16818 nonzeros.
Presolve time = 0.51 sec. (239.33 ticks)
Initializing dual steep norms . . .

Iteration log . . .
Iteration:     1   Dual objective     =    1227863687.721277
Iteration:   148   Dual objective     = 18369149508322688.000000
Iteration:   264   Dual objective     = 18369201631233484.000000
Iteration:   382   Dual objective     = 22336929592799960.000000
Iteration:   446   Dual objective     = 22624375392510116.000000
Iteration:   528   Dual objective     = 23442902459167416.000000
Iteration:   607   Dual objective     = 23634657316156140.000000
Iteration:   688   Dual objective     = 23634660769138180.000000
Iteration:   773   Dual objective     = 23634664377714760.000000
Iteration:   880   Dual objective     = 23634694307793476.000000
Iteration:   974   Dual objective     = 23699052996337404.000000
Iteration:  1078   Dual objective     = 23729600131537020.000000
Removing shift (7).
LP status(1): optimal
Cplex Time: 0.67sec (det. 344.20 ticks)

Optimal solution found.
Objective : 23730545211358624.000000

--- Restarting execution
--- H2forEU_SupplyChain_main.gms(771) 27 Mb
--- Reading solution for model H2forEU_SupplyChain
--- H2forEU_SupplyChain_main.gms(771) 28 Mb
--- H2forEU_SupplyChain_main.gms(771) 30 Mb
--- H2forEU_SupplyChain_main.gms(771) 32 Mb
--- H2forEU_SupplyChain_main.gms(771) 33 Mb
--- H2forEU_SupplyChain_main.gms(771) 35 Mb
--- H2forEU_SupplyChain_main.gms(771) 37 Mb
--- H2forEU_SupplyChain_main.gms(771) 39 Mb--- H2forEU_SupplyChain_main.gms(771) 41 Mb
--- H2forEU_SupplyChain_main.gms(771) 41 Mb--- H2forEU_SupplyChain_main.gms(771) 42 Mb
--- H2forEU_SupplyChain_main.gms(771) 42 Mb
--- H2forEU_SupplyChain_main.gms(771) 44 Mb
--- H2forEU_SupplyChain_main.gms(771) 45 Mb
--- H2forEU_SupplyChain_main.gms(771) 47 Mb
--- H2forEU_SupplyChain_main.gms(771) 47 Mb  3 secs
--- H2forEU_SupplyChain_main.gms(771) 48 Mb  3 secs
--- H2forEU_SupplyChain_main.gms(771) 50 Mb  3 secs
--- H2forEU_SupplyChain_main.gms(771) 52 Mb  3 secs
--- H2forEU_SupplyChain_main.gms(771) 53 Mb  3 secs
--- H2forEU_SupplyChain_main.gms(771) 53 Mb  4 secs
--- H2forEU_SupplyChain_main.gms(771) 55 Mb  4 secs
--- H2forEU_SupplyChain_main.gms(771) 57 Mb  4 secs
--- H2forEU_SupplyChain_main.gms(771) 58 Mb  4 secs
--- H2forEU_SupplyChain_main.gms(771) 61 Mb  4 secs
--- H2forEU_SupplyChain_main.gms(771) 61 Mb  5 secs
--- H2forEU_SupplyChain_main.gms(771) 62 Mb  5 secs
--- H2forEU_SupplyChain_main.gms(771) 63 Mb  5 secs

--- Executing after solve: elapsed 0:03:59.849
--- H2forEU_SupplyChain_main.gms(763) 63 Mb
--- H2forEU_SupplyChain_main.gms(806) 63 Mb

--- GDX File C:\Users\Johannes\Documents\PhD\06Research\Paper2\Tools\SupplyChain_Optimization\GAMS\gdx/00_results.gdx
*** Status: Normal completion
--- Job H2forEU_SupplyChain_main.gms Stop 01/02/10 15:40:35 elapsed 0:03:59.950
