--- Job H2forEU_LCOH_main.gms Start 10/31/12 15:17:16 25.1.3 r4e34d435fbd WEX-WEI x86 64bit/MS Windows
GAMS 25.1.3   Copyright (C) 1987-2018 GAMS Development. All rights reserved
Licensee: CS 635 Spring 2014                             G140121/0001AO-GEN
          Prof. Michael Ferris, University of Wisconsin-Madison      DC2937
          License for teaching and research at degree granting institutions
--- Starting compilation
--- H2forEU_LCOH_main.gms(11) 2 Mb
--- . H2forEU_LCOH_setup.gms(1) 2 Mb
--- GDXin=C:\Users\Johannes\Documents\PhD\06Research\Paper2\Tools\LCOH\GAMS\gdx/TIMESTEP_HOUR.gdx
--- . H2forEU_LCOH_setup.gms(6) 3 Mb
--- GDXin=C:\Users\Johannes\Documents\PhD\06Research\Paper2\Tools\LCOH\GAMS\gdx/ENERGY_TYPE.gdx
--- . H2forEU_LCOH_setup.gms(9) 3 Mb
--- H2forEU_LCOH_main.gms(12) 3 Mb
--- . H2forEU_LCOH_data.gms(3) 3 Mb
--- GDXin=C:\Users\Johannes\Documents\PhD\06Research\Paper2\Tools\LCOH\GAMS\gdx/p_res_profile.gdx
--- . H2forEU_LCOH_data.gms(8) 4 Mb
--- GDXin=C:\Users\Johannes\Documents\PhD\06Research\Paper2\Tools\LCOH\GAMS\gdx/p_wacc.gdx
--- . H2forEU_LCOH_data.gms(13) 4 Mb
--- GDXin=C:\Users\Johannes\Documents\PhD\06Research\Paper2\Tools\LCOH\GAMS\gdx/p_res_capex.gdx
--- . H2forEU_LCOH_data.gms(18) 4 Mb
--- GDXin=C:\Users\Johannes\Documents\PhD\06Research\Paper2\Tools\LCOH\GAMS\gdx/p_res_opex.gdx
--- . H2forEU_LCOH_data.gms(23) 4 Mb
--- GDXin=C:\Users\Johannes\Documents\PhD\06Research\Paper2\Tools\LCOH\GAMS\gdx/p_res_lifetime.gdx
--- . H2forEU_LCOH_data.gms(28) 4 Mb
--- GDXin=C:\Users\Johannes\Documents\PhD\06Research\Paper2\Tools\LCOH\GAMS\gdx/p_electrolyer_capex.gdx
--- . H2forEU_LCOH_data.gms(33) 4 Mb
--- GDXin=C:\Users\Johannes\Documents\PhD\06Research\Paper2\Tools\LCOH\GAMS\gdx/p_electrolyer_opex.gdx
--- . H2forEU_LCOH_data.gms(38) 4 Mb
--- GDXin=C:\Users\Johannes\Documents\PhD\06Research\Paper2\Tools\LCOH\GAMS\gdx/p_electrolyer_lifetime.gdx
--- . H2forEU_LCOH_data.gms(40) 4 Mb
--- H2forEU_LCOH_main.gms(13) 4 Mb
--- . H2forEU_LCOH_model.gms(72) 4 Mb
--- H2forEU_LCOH_main.gms(20) 4 Mb
--- Starting execution: elapsed 0:00:00.066
--- H2forEU_LCOH_main.gms(20) 5 Mb
--- Generating NLP model H2forEU_LCOH
--- H2forEU_LCOH_main.gms(137) 10 Mb
---   17,523 rows  8,764 columns  30,792 non-zeroes
---   7 nl-code  2 nl-non-zeroes
--- H2forEU_LCOH_main.gms(137) 10 Mb
                                    --- H2forEU_LCOH_main.gms(137) 8 Mb
--- H2forEU_LCOH_main.gms(137) 8 Mb

--- Executing CONOPT: elapsed 0:00:00.195
CONOPT 3         28.2.0 r750fa45 Released Aug 19, 2019 WEI x86 64bit/MS Window
 
 
    C O N O P T 3   version 3.17K
    Copyright (C)   ARKI Consulting and Development A/S
                    Bagsvaerdvej 246 A
                    DK-2880 Bagsvaerd, Denmark
 
 
   Iter Phase Ninf   Infeasibility   RGmax    NSB   Step InItr MX OK
      0   0        2.3891611443E+07 (Input point)
 
                   Pre-triangular equations:   8508
                   Post-triangular equations:  3
                   Definitional equations:     4505
 
      1   0        0.0000000000E+00 (After pre-processing)
      2   0        0.0000000000E+00 (After scaling)
 
 ** Feasible solution. Value of objective =    23891611.4429
 
   Iter Phase Ninf     Objective     RGmax    NSB   Step InItr MX OK
      3   3        7.0463938756E+05 1.2E+09     1 1.0E+00    1 F  T
      4   3        7.0463938756E+05 0.0E+00     0
 
 ** Optimal solution. There are no superbasic variables.
 
--- Restarting execution
--- H2forEU_LCOH_main.gms(137) 3 Mb
--- Reading solution for model H2forEU_LCOH
--- H2forEU_LCOH_main.gms(137) 5 Mb
--- Executing after solve: elapsed 0:00:01.428
--- H2forEU_LCOH_main.gms(139) 6 Mb
*** Status: Normal completion
--- Job H2forEU_LCOH_main.gms Stop 10/31/12 15:17:17 elapsed 0:00:01.448
